#
# There is insufficient memory for the Java Runtime Environment to continue.
# Native memory allocation (malloc) failed to allocate 107536 bytes for Chunk::new
# Possible reasons:
#   The system is out of physical RAM or swap space
#   The process is running with CompressedOops enabled, and the Java Heap may be blocking the growth of the native heap
# Possible solutions:
#   Reduce memory load on the system
#   Increase physical memory or swap space
#   Check if swap backing store is full
#   Decrease Java heap size (-Xmx/-Xms)
#   Decrease number of Java threads
#   Decrease Java thread stack sizes (-Xss)
#   Set larger code cache with -XX:ReservedCodeCacheSize=
#   JVM is running with Unscaled Compressed Oops mode in which the Java heap is
#     placed in the first 4GB address space. The Java Heap base address is the
#     maximum limit for the native heap growth. Please use -XX:HeapBaseMinAddress
#     to set the Java Heap base and to place the Java Heap above 4GB virtual address.
# This output file may be truncated or incomplete.
#
#  Out of Memory Error (arena.cpp:195), pid=22384, tid=17536
#
# JRE version: Java(TM) SE Runtime Environment (16.0.1+9) (build 16.0.1+9-24)
# Java VM: Java HotSpot(TM) 64-Bit Server VM (16.0.1+9-24, mixed mode, sharing, tiered, compressed oops, compressed class ptrs, g1 gc, windows-amd64)
# No core dump will be written. Minidumps are not enabled by default on client versions of Windows
#

---------------  S U M M A R Y ------------

Command Line: -ea -Dfile.encoding=Cp1252 -XX:+ShowCodeDetailsInExceptionMessages org.eclipse.jdt.internal.junit.runner.RemoteTestRunner -version 3 -port 65360 -testLoaderClass org.eclipse.jdt.internal.junit5.runner.JUnit5TestLoader -loaderpluginname org.eclipse.jdt.junit5.runtime -packageNameFile C:\Users\SHAM~1.REH\AppData\Local\Temp\packageNames4439536192408137217.txt

Host: Intel(R) Core(TM) i5-6300U CPU @ 2.40GHz, 4 cores, 7G,  Windows 10 , 64 bit Build 19041 (10.0.19041.928)
Time: Thu Sep 16 11:03:23 2021 GMT Daylight Time elapsed time: 28.091589 seconds (0d 0h 0m 28s)

---------------  T H R E A D  ---------------

Current thread (0x0000025065036ea0):  JavaThread "C2 CompilerThread0" daemon [_thread_in_native, id=17536, stack(0x0000007b76c00000,0x0000007b76d00000)]


Current CompileTask:
C2:  28091 1872       4       java.lang.String::replace (42 bytes)

Stack: [0x0000007b76c00000,0x0000007b76d00000]
Native frames: (J=compiled Java code, j=interpreted, Vv=VM code, C=native code)
V  [jvm.dll+0x6687ca]
V  [jvm.dll+0x7ca3c9]
V  [jvm.dll+0x7cbb53]
V  [jvm.dll+0x7cc1b3]
V  [jvm.dll+0x242ea5]
V  [jvm.dll+0xadeca]
V  [jvm.dll+0xae5ac]
V  [jvm.dll+0x35aed2]
V  [jvm.dll+0x3253d1]
V  [jvm.dll+0x32487a]
V  [jvm.dll+0x215f3c]
V  [jvm.dll+0x215350]
V  [jvm.dll+0x1a1d9b]
V  [jvm.dll+0x2253a8]
V  [jvm.dll+0x2233ec]
V  [jvm.dll+0x780002]
V  [jvm.dll+0x779b4a]
V  [jvm.dll+0x667666]
C  [ucrtbase.dll+0x21bb2]
C  [KERNEL32.DLL+0x17034]
C  [ntdll.dll+0x52651]


---------------  P R O C E S S  ---------------

Threads class SMR info:
_java_thread_list=0x0000025067728c80, length=19, elements={
0x000002504790e250, 0x000002506501ea30, 0x000002506501ffa0, 0x0000025065032570,
0x0000025065032f80, 0x00000250650358a0, 0x00000250650361b0, 0x0000025065036ea0,
0x00000250650a2b50, 0x00000250650ab840, 0x0000025065c971d0, 0x0000025065c9fa00,
0x00000250662e7fe0, 0x00000250660633c0, 0x00000250663e1010, 0x00000250661b7ee0,
0x0000025066038830, 0x0000025065c5b680, 0x0000025065f83ee0
}

Java Threads: ( => current thread )
  0x000002504790e250 JavaThread "main" [_thread_in_Java, id=18504, stack(0x0000007b75f00000,0x0000007b76000000)]
  0x000002506501ea30 JavaThread "Reference Handler" daemon [_thread_blocked, id=8336, stack(0x0000007b76600000,0x0000007b76700000)]
  0x000002506501ffa0 JavaThread "Finalizer" daemon [_thread_blocked, id=11744, stack(0x0000007b76700000,0x0000007b76800000)]
  0x0000025065032570 JavaThread "Signal Dispatcher" daemon [_thread_blocked, id=14580, stack(0x0000007b76800000,0x0000007b76900000)]
  0x0000025065032f80 JavaThread "Attach Listener" daemon [_thread_blocked, id=20672, stack(0x0000007b76900000,0x0000007b76a00000)]
  0x00000250650358a0 JavaThread "Service Thread" daemon [_thread_blocked, id=18900, stack(0x0000007b76a00000,0x0000007b76b00000)]
  0x00000250650361b0 JavaThread "Monitor Deflation Thread" daemon [_thread_blocked, id=11728, stack(0x0000007b76b00000,0x0000007b76c00000)]
=>0x0000025065036ea0 JavaThread "C2 CompilerThread0" daemon [_thread_in_native, id=17536, stack(0x0000007b76c00000,0x0000007b76d00000)]
  0x00000250650a2b50 JavaThread "C1 CompilerThread0" daemon [_thread_blocked, id=10220, stack(0x0000007b76d00000,0x0000007b76e00000)]
  0x00000250650ab840 JavaThread "Sweeper thread" daemon [_thread_blocked, id=20608, stack(0x0000007b76e00000,0x0000007b76f00000)]
  0x0000025065c971d0 JavaThread "Notification Thread" daemon [_thread_blocked, id=5396, stack(0x0000007b76f00000,0x0000007b77000000)]
  0x0000025065c9fa00 JavaThread "Common-Cleaner" daemon [_thread_blocked, id=16660, stack(0x0000007b77100000,0x0000007b77200000)]
  0x00000250662e7fe0 JavaThread "ReaderThread" [_thread_in_native, id=10664, stack(0x0000007b77200000,0x0000007b77300000)]
  0x00000250660633c0 JavaThread "Exec Default Executor" daemon [_thread_in_native, id=5892, stack(0x0000007b77600000,0x0000007b77700000)]
  0x00000250663e1010 JavaThread "UrlChecker-2" daemon [_thread_blocked, id=10904, stack(0x0000007b77700000,0x0000007b77800000)]
  0x00000250661b7ee0 JavaThread "Exec Stream Pumper" daemon [_thread_in_native, id=9288, stack(0x0000007b77900000,0x0000007b77a00000)]
  0x0000025066038830 JavaThread "Exec Stream Pumper" daemon [_thread_in_native, id=13836, stack(0x0000007b77a00000,0x0000007b77b00000)]
  0x0000025065c5b680 JavaThread "OkHttp ConnectionPool" daemon [_thread_blocked, id=7568, stack(0x0000007b77c00000,0x0000007b77d00000)]
  0x0000025065f83ee0 JavaThread "Okio Watchdog" daemon [_thread_blocked, id=15028, stack(0x0000007b77d00000,0x0000007b77e00000)]

Other Threads:
  0x000002506501a730 VMThread "VM Thread" [stack: 0x0000007b76500000,0x0000007b76600000] [id=19888]
  0x0000025065c9b700 WatcherThread [stack: 0x0000007b77000000,0x0000007b77100000] [id=9960]
  0x000002504794ec70 GCTaskThread "GC Thread#0" [stack: 0x0000007b76000000,0x0000007b76100000] [id=16140]
  0x00000250660b7b00 GCTaskThread "GC Thread#1" [stack: 0x0000007b77300000,0x0000007b77400000] [id=13796]
  0x0000025065ec4640 GCTaskThread "GC Thread#2" [stack: 0x0000007b77400000,0x0000007b77500000] [id=8776]
  0x0000025065ec4950 GCTaskThread "GC Thread#3" [stack: 0x0000007b77500000,0x0000007b77600000] [id=4620]
  0x0000025047960850 ConcurrentGCThread "G1 Main Marker" [stack: 0x0000007b76100000,0x0000007b76200000] [id=16324]
  0x0000025047961970 ConcurrentGCThread "G1 Conc#0" [stack: 0x0000007b76200000,0x0000007b76300000] [id=7188]
  0x00000250479d7b00 ConcurrentGCThread "G1 Refine#0" [stack: 0x0000007b76300000,0x0000007b76400000] [id=16524]
  0x00000250479d8490 ConcurrentGCThread "G1 Service" [stack: 0x0000007b76400000,0x0000007b76500000] [id=21168]

Threads with active compile tasks:
C2 CompilerThread0    28190 1872       4       java.lang.String::replace (42 bytes)

VM state: not at safepoint (normal execution)

VM Mutex/Monitor currently owned by a thread: None

Heap address: 0x0000000081c00000, size: 2020 MB, Compressed Oops mode: 32-bit

CDS archive(s) mapped at: [0x0000000800000000-0x0000000800bb0000-0x0000000800bb0000), size 12255232, SharedBaseAddress: 0x0000000800000000, ArchiveRelocationMode: 0.
Compressed class space mapped at: 0x0000000800c00000-0x0000000840c00000, reserved size: 1073741824
Narrow klass base: 0x0000000800000000, Narrow klass shift: 3, Narrow klass range: 0x100000000

GC Precious Log:
 CPUs: 4 total, 4 available
 Memory: 8072M
 Large Page Support: Disabled
 NUMA Support: Disabled
 Compressed Oops: Enabled (32-bit)
 Heap Region Size: 1M
 Heap Min Capacity: 8M
 Heap Initial Capacity: 128M
 Heap Max Capacity: 2020M
 Pre-touch: Disabled
 Parallel Workers: 4
 Concurrent Workers: 1
 Concurrent Refinement Workers: 4
 Periodic GC: Disabled

Heap:
 garbage-first heap   total 131072K, used 22678K [0x0000000081c00000, 0x0000000100000000)
  region size 1024K, 21 young (21504K), 3 survivors (3072K)
 Metaspace       used 13243K, committed 13504K, reserved 1064960K
  class space    used 1696K, committed 1792K, reserved 1048576K

Heap Regions: E=young(eden), S=young(survivor), O=old, HS=humongous(starts), HC=humongous(continues), CS=collection set, F=free, OA=open archive, CA=closed archive, TAMS=top-at-mark-start (previous, next)
|   0|0x0000000081c00000, 0x0000000081d00000, 0x0000000081d00000|100%| O|  |TAMS 0x0000000081c00000, 0x0000000081c00000| Untracked 
|   1|0x0000000081d00000, 0x0000000081e00000, 0x0000000081e00000|100%| O|  |TAMS 0x0000000081d00000, 0x0000000081d00000| Untracked 
|   2|0x0000000081e00000, 0x0000000081efe200, 0x0000000081f00000| 99%| O|  |TAMS 0x0000000081e00000, 0x0000000081e00000| Untracked 
|   3|0x0000000081f00000, 0x0000000081f00000, 0x0000000082000000|  0%| F|  |TAMS 0x0000000081f00000, 0x0000000081f00000| Untracked 
|   4|0x0000000082000000, 0x0000000082000000, 0x0000000082100000|  0%| F|  |TAMS 0x0000000082000000, 0x0000000082000000| Untracked 
|   5|0x0000000082100000, 0x0000000082100000, 0x0000000082200000|  0%| F|  |TAMS 0x0000000082100000, 0x0000000082100000| Untracked 
|   6|0x0000000082200000, 0x0000000082200000, 0x0000000082300000|  0%| F|  |TAMS 0x0000000082200000, 0x0000000082200000| Untracked 
|   7|0x0000000082300000, 0x0000000082300000, 0x0000000082400000|  0%| F|  |TAMS 0x0000000082300000, 0x0000000082300000| Untracked 
|   8|0x0000000082400000, 0x0000000082400000, 0x0000000082500000|  0%| F|  |TAMS 0x0000000082400000, 0x0000000082400000| Untracked 
|   9|0x0000000082500000, 0x0000000082500000, 0x0000000082600000|  0%| F|  |TAMS 0x0000000082500000, 0x0000000082500000| Untracked 
|  10|0x0000000082600000, 0x0000000082600000, 0x0000000082700000|  0%| F|  |TAMS 0x0000000082600000, 0x0000000082600000| Untracked 
|  11|0x0000000082700000, 0x0000000082700000, 0x0000000082800000|  0%| F|  |TAMS 0x0000000082700000, 0x0000000082700000| Untracked 
|  12|0x0000000082800000, 0x0000000082800000, 0x0000000082900000|  0%| F|  |TAMS 0x0000000082800000, 0x0000000082800000| Untracked 
|  13|0x0000000082900000, 0x0000000082900000, 0x0000000082a00000|  0%| F|  |TAMS 0x0000000082900000, 0x0000000082900000| Untracked 
|  14|0x0000000082a00000, 0x0000000082a00000, 0x0000000082b00000|  0%| F|  |TAMS 0x0000000082a00000, 0x0000000082a00000| Untracked 
|  15|0x0000000082b00000, 0x0000000082b00000, 0x0000000082c00000|  0%| F|  |TAMS 0x0000000082b00000, 0x0000000082b00000| Untracked 
|  16|0x0000000082c00000, 0x0000000082c00000, 0x0000000082d00000|  0%| F|  |TAMS 0x0000000082c00000, 0x0000000082c00000| Untracked 
|  17|0x0000000082d00000, 0x0000000082d00000, 0x0000000082e00000|  0%| F|  |TAMS 0x0000000082d00000, 0x0000000082d00000| Untracked 
|  18|0x0000000082e00000, 0x0000000082e00000, 0x0000000082f00000|  0%| F|  |TAMS 0x0000000082e00000, 0x0000000082e00000| Untracked 
|  19|0x0000000082f00000, 0x0000000082f00000, 0x0000000083000000|  0%| F|  |TAMS 0x0000000082f00000, 0x0000000082f00000| Untracked 
|  20|0x0000000083000000, 0x0000000083000000, 0x0000000083100000|  0%| F|  |TAMS 0x0000000083000000, 0x0000000083000000| Untracked 
|  21|0x0000000083100000, 0x0000000083100000, 0x0000000083200000|  0%| F|  |TAMS 0x0000000083100000, 0x0000000083100000| Untracked 
|  22|0x0000000083200000, 0x0000000083200000, 0x0000000083300000|  0%| F|  |TAMS 0x0000000083200000, 0x0000000083200000| Untracked 
|  23|0x0000000083300000, 0x0000000083300000, 0x0000000083400000|  0%| F|  |TAMS 0x0000000083300000, 0x0000000083300000| Untracked 
|  24|0x0000000083400000, 0x0000000083400000, 0x0000000083500000|  0%| F|  |TAMS 0x0000000083400000, 0x0000000083400000| Untracked 
|  25|0x0000000083500000, 0x0000000083500000, 0x0000000083600000|  0%| F|  |TAMS 0x0000000083500000, 0x0000000083500000| Untracked 
|  26|0x0000000083600000, 0x0000000083600000, 0x0000000083700000|  0%| F|  |TAMS 0x0000000083600000, 0x0000000083600000| Untracked 
|  27|0x0000000083700000, 0x0000000083700000, 0x0000000083800000|  0%| F|  |TAMS 0x0000000083700000, 0x0000000083700000| Untracked 
|  28|0x0000000083800000, 0x0000000083800000, 0x0000000083900000|  0%| F|  |TAMS 0x0000000083800000, 0x0000000083800000| Untracked 
|  29|0x0000000083900000, 0x0000000083900000, 0x0000000083a00000|  0%| F|  |TAMS 0x0000000083900000, 0x0000000083900000| Untracked 
|  30|0x0000000083a00000, 0x0000000083a00000, 0x0000000083b00000|  0%| F|  |TAMS 0x0000000083a00000, 0x0000000083a00000| Untracked 
|  31|0x0000000083b00000, 0x0000000083b00000, 0x0000000083c00000|  0%| F|  |TAMS 0x0000000083b00000, 0x0000000083b00000| Untracked 
|  32|0x0000000083c00000, 0x0000000083c00000, 0x0000000083d00000|  0%| F|  |TAMS 0x0000000083c00000, 0x0000000083c00000| Untracked 
|  33|0x0000000083d00000, 0x0000000083d00000, 0x0000000083e00000|  0%| F|  |TAMS 0x0000000083d00000, 0x0000000083d00000| Untracked 
|  34|0x0000000083e00000, 0x0000000083e00000, 0x0000000083f00000|  0%| F|  |TAMS 0x0000000083e00000, 0x0000000083e00000| Untracked 
|  35|0x0000000083f00000, 0x0000000083f00000, 0x0000000084000000|  0%| F|  |TAMS 0x0000000083f00000, 0x0000000083f00000| Untracked 
|  36|0x0000000084000000, 0x0000000084000000, 0x0000000084100000|  0%| F|  |TAMS 0x0000000084000000, 0x0000000084000000| Untracked 
|  37|0x0000000084100000, 0x0000000084100000, 0x0000000084200000|  0%| F|  |TAMS 0x0000000084100000, 0x0000000084100000| Untracked 
|  38|0x0000000084200000, 0x0000000084200000, 0x0000000084300000|  0%| F|  |TAMS 0x0000000084200000, 0x0000000084200000| Untracked 
|  39|0x0000000084300000, 0x0000000084300000, 0x0000000084400000|  0%| F|  |TAMS 0x0000000084300000, 0x0000000084300000| Untracked 
|  40|0x0000000084400000, 0x0000000084400000, 0x0000000084500000|  0%| F|  |TAMS 0x0000000084400000, 0x0000000084400000| Untracked 
|  41|0x0000000084500000, 0x0000000084500000, 0x0000000084600000|  0%| F|  |TAMS 0x0000000084500000, 0x0000000084500000| Untracked 
|  42|0x0000000084600000, 0x0000000084600000, 0x0000000084700000|  0%| F|  |TAMS 0x0000000084600000, 0x0000000084600000| Untracked 
|  43|0x0000000084700000, 0x0000000084700000, 0x0000000084800000|  0%| F|  |TAMS 0x0000000084700000, 0x0000000084700000| Untracked 
|  44|0x0000000084800000, 0x0000000084800000, 0x0000000084900000|  0%| F|  |TAMS 0x0000000084800000, 0x0000000084800000| Untracked 
|  45|0x0000000084900000, 0x0000000084900000, 0x0000000084a00000|  0%| F|  |TAMS 0x0000000084900000, 0x0000000084900000| Untracked 
|  46|0x0000000084a00000, 0x0000000084a00000, 0x0000000084b00000|  0%| F|  |TAMS 0x0000000084a00000, 0x0000000084a00000| Untracked 
|  47|0x0000000084b00000, 0x0000000084b00000, 0x0000000084c00000|  0%| F|  |TAMS 0x0000000084b00000, 0x0000000084b00000| Untracked 
|  48|0x0000000084c00000, 0x0000000084c00000, 0x0000000084d00000|  0%| F|  |TAMS 0x0000000084c00000, 0x0000000084c00000| Untracked 
|  49|0x0000000084d00000, 0x0000000084d00000, 0x0000000084e00000|  0%| F|  |TAMS 0x0000000084d00000, 0x0000000084d00000| Untracked 
|  50|0x0000000084e00000, 0x0000000084e00000, 0x0000000084f00000|  0%| F|  |TAMS 0x0000000084e00000, 0x0000000084e00000| Untracked 
|  51|0x0000000084f00000, 0x0000000084f00000, 0x0000000085000000|  0%| F|  |TAMS 0x0000000084f00000, 0x0000000084f00000| Untracked 
|  52|0x0000000085000000, 0x0000000085000000, 0x0000000085100000|  0%| F|  |TAMS 0x0000000085000000, 0x0000000085000000| Untracked 
|  53|0x0000000085100000, 0x0000000085100000, 0x0000000085200000|  0%| F|  |TAMS 0x0000000085100000, 0x0000000085100000| Untracked 
|  54|0x0000000085200000, 0x0000000085200000, 0x0000000085300000|  0%| F|  |TAMS 0x0000000085200000, 0x0000000085200000| Untracked 
|  55|0x0000000085300000, 0x0000000085300000, 0x0000000085400000|  0%| F|  |TAMS 0x0000000085300000, 0x0000000085300000| Untracked 
|  56|0x0000000085400000, 0x0000000085400000, 0x0000000085500000|  0%| F|  |TAMS 0x0000000085400000, 0x0000000085400000| Untracked 
|  57|0x0000000085500000, 0x0000000085500000, 0x0000000085600000|  0%| F|  |TAMS 0x0000000085500000, 0x0000000085500000| Untracked 
|  58|0x0000000085600000, 0x0000000085600000, 0x0000000085700000|  0%| F|  |TAMS 0x0000000085600000, 0x0000000085600000| Untracked 
|  59|0x0000000085700000, 0x0000000085700000, 0x0000000085800000|  0%| F|  |TAMS 0x0000000085700000, 0x0000000085700000| Untracked 
|  60|0x0000000085800000, 0x0000000085800000, 0x0000000085900000|  0%| F|  |TAMS 0x0000000085800000, 0x0000000085800000| Untracked 
|  61|0x0000000085900000, 0x0000000085900000, 0x0000000085a00000|  0%| F|  |TAMS 0x0000000085900000, 0x0000000085900000| Untracked 
|  62|0x0000000085a00000, 0x0000000085a00000, 0x0000000085b00000|  0%| F|  |TAMS 0x0000000085a00000, 0x0000000085a00000| Untracked 
|  63|0x0000000085b00000, 0x0000000085b00000, 0x0000000085c00000|  0%| F|  |TAMS 0x0000000085b00000, 0x0000000085b00000| Untracked 
|  64|0x0000000085c00000, 0x0000000085c00000, 0x0000000085d00000|  0%| F|  |TAMS 0x0000000085c00000, 0x0000000085c00000| Untracked 
|  65|0x0000000085d00000, 0x0000000085d00000, 0x0000000085e00000|  0%| F|  |TAMS 0x0000000085d00000, 0x0000000085d00000| Untracked 
|  66|0x0000000085e00000, 0x0000000085e00000, 0x0000000085f00000|  0%| F|  |TAMS 0x0000000085e00000, 0x0000000085e00000| Untracked 
|  67|0x0000000085f00000, 0x0000000085f00000, 0x0000000086000000|  0%| F|  |TAMS 0x0000000085f00000, 0x0000000085f00000| Untracked 
|  68|0x0000000086000000, 0x0000000086000000, 0x0000000086100000|  0%| F|  |TAMS 0x0000000086000000, 0x0000000086000000| Untracked 
|  69|0x0000000086100000, 0x0000000086100000, 0x0000000086200000|  0%| F|  |TAMS 0x0000000086100000, 0x0000000086100000| Untracked 
|  70|0x0000000086200000, 0x0000000086200000, 0x0000000086300000|  0%| F|  |TAMS 0x0000000086200000, 0x0000000086200000| Untracked 
|  71|0x0000000086300000, 0x0000000086300000, 0x0000000086400000|  0%| F|  |TAMS 0x0000000086300000, 0x0000000086300000| Untracked 
|  72|0x0000000086400000, 0x0000000086400000, 0x0000000086500000|  0%| F|  |TAMS 0x0000000086400000, 0x0000000086400000| Untracked 
|  73|0x0000000086500000, 0x0000000086500000, 0x0000000086600000|  0%| F|  |TAMS 0x0000000086500000, 0x0000000086500000| Untracked 
|  74|0x0000000086600000, 0x0000000086600000, 0x0000000086700000|  0%| F|  |TAMS 0x0000000086600000, 0x0000000086600000| Untracked 
|  75|0x0000000086700000, 0x0000000086700000, 0x0000000086800000|  0%| F|  |TAMS 0x0000000086700000, 0x0000000086700000| Untracked 
|  76|0x0000000086800000, 0x0000000086800000, 0x0000000086900000|  0%| F|  |TAMS 0x0000000086800000, 0x0000000086800000| Untracked 
|  77|0x0000000086900000, 0x0000000086900000, 0x0000000086a00000|  0%| F|  |TAMS 0x0000000086900000, 0x0000000086900000| Untracked 
|  78|0x0000000086a00000, 0x0000000086a00000, 0x0000000086b00000|  0%| F|  |TAMS 0x0000000086a00000, 0x0000000086a00000| Untracked 
|  79|0x0000000086b00000, 0x0000000086b00000, 0x0000000086c00000|  0%| F|  |TAMS 0x0000000086b00000, 0x0000000086b00000| Untracked 
|  80|0x0000000086c00000, 0x0000000086c00000, 0x0000000086d00000|  0%| F|  |TAMS 0x0000000086c00000, 0x0000000086c00000| Untracked 
|  81|0x0000000086d00000, 0x0000000086d00000, 0x0000000086e00000|  0%| F|  |TAMS 0x0000000086d00000, 0x0000000086d00000| Untracked 
|  82|0x0000000086e00000, 0x0000000086e00000, 0x0000000086f00000|  0%| F|  |TAMS 0x0000000086e00000, 0x0000000086e00000| Untracked 
|  83|0x0000000086f00000, 0x0000000086f00000, 0x0000000087000000|  0%| F|  |TAMS 0x0000000086f00000, 0x0000000086f00000| Untracked 
|  84|0x0000000087000000, 0x0000000087000000, 0x0000000087100000|  0%| F|  |TAMS 0x0000000087000000, 0x0000000087000000| Untracked 
|  85|0x0000000087100000, 0x0000000087100000, 0x0000000087200000|  0%| F|  |TAMS 0x0000000087100000, 0x0000000087100000| Untracked 
|  86|0x0000000087200000, 0x0000000087200000, 0x0000000087300000|  0%| F|  |TAMS 0x0000000087200000, 0x0000000087200000| Untracked 
|  87|0x0000000087300000, 0x0000000087300000, 0x0000000087400000|  0%| F|  |TAMS 0x0000000087300000, 0x0000000087300000| Untracked 
|  88|0x0000000087400000, 0x0000000087400000, 0x0000000087500000|  0%| F|  |TAMS 0x0000000087400000, 0x0000000087400000| Untracked 
|  89|0x0000000087500000, 0x0000000087500000, 0x0000000087600000|  0%| F|  |TAMS 0x0000000087500000, 0x0000000087500000| Untracked 
|  90|0x0000000087600000, 0x0000000087600000, 0x0000000087700000|  0%| F|  |TAMS 0x0000000087600000, 0x0000000087600000| Untracked 
|  91|0x0000000087700000, 0x0000000087700000, 0x0000000087800000|  0%| F|  |TAMS 0x0000000087700000, 0x0000000087700000| Untracked 
|  92|0x0000000087800000, 0x0000000087800000, 0x0000000087900000|  0%| F|  |TAMS 0x0000000087800000, 0x0000000087800000| Untracked 
|  93|0x0000000087900000, 0x0000000087900000, 0x0000000087a00000|  0%| F|  |TAMS 0x0000000087900000, 0x0000000087900000| Untracked 
|  94|0x0000000087a00000, 0x0000000087a00000, 0x0000000087b00000|  0%| F|  |TAMS 0x0000000087a00000, 0x0000000087a00000| Untracked 
|  95|0x0000000087b00000, 0x0000000087b00000, 0x0000000087c00000|  0%| F|  |TAMS 0x0000000087b00000, 0x0000000087b00000| Untracked 
|  96|0x0000000087c00000, 0x0000000087c00000, 0x0000000087d00000|  0%| F|  |TAMS 0x0000000087c00000, 0x0000000087c00000| Untracked 
|  97|0x0000000087d00000, 0x0000000087d00000, 0x0000000087e00000|  0%| F|  |TAMS 0x0000000087d00000, 0x0000000087d00000| Untracked 
|  98|0x0000000087e00000, 0x0000000087e00000, 0x0000000087f00000|  0%| F|  |TAMS 0x0000000087e00000, 0x0000000087e00000| Untracked 
|  99|0x0000000087f00000, 0x0000000087f00000, 0x0000000088000000|  0%| F|  |TAMS 0x0000000087f00000, 0x0000000087f00000| Untracked 
| 100|0x0000000088000000, 0x0000000088000000, 0x0000000088100000|  0%| F|  |TAMS 0x0000000088000000, 0x0000000088000000| Untracked 
| 101|0x0000000088100000, 0x0000000088100000, 0x0000000088200000|  0%| F|  |TAMS 0x0000000088100000, 0x0000000088100000| Untracked 
| 102|0x0000000088200000, 0x0000000088200000, 0x0000000088300000|  0%| F|  |TAMS 0x0000000088200000, 0x0000000088200000| Untracked 
| 103|0x0000000088300000, 0x0000000088300000, 0x0000000088400000|  0%| F|  |TAMS 0x0000000088300000, 0x0000000088300000| Untracked 
| 104|0x0000000088400000, 0x0000000088400000, 0x0000000088500000|  0%| F|  |TAMS 0x0000000088400000, 0x0000000088400000| Untracked 
| 105|0x0000000088500000, 0x0000000088500000, 0x0000000088600000|  0%| F|  |TAMS 0x0000000088500000, 0x0000000088500000| Untracked 
| 106|0x0000000088600000, 0x0000000088600800, 0x0000000088700000|  0%| E|  |TAMS 0x0000000088600000, 0x0000000088600000| Complete 
| 107|0x0000000088700000, 0x0000000088800000, 0x0000000088800000|100%| E|CS|TAMS 0x0000000088700000, 0x0000000088700000| Complete 
| 108|0x0000000088800000, 0x0000000088827660, 0x0000000088900000| 15%| S|CS|TAMS 0x0000000088800000, 0x0000000088800000| Complete 
| 109|0x0000000088900000, 0x0000000088a00000, 0x0000000088a00000|100%| S|CS|TAMS 0x0000000088900000, 0x0000000088900000| Complete 
| 110|0x0000000088a00000, 0x0000000088b00000, 0x0000000088b00000|100%| S|CS|TAMS 0x0000000088a00000, 0x0000000088a00000| Complete 
| 111|0x0000000088b00000, 0x0000000088c00000, 0x0000000088c00000|100%| E|CS|TAMS 0x0000000088b00000, 0x0000000088b00000| Complete 
| 112|0x0000000088c00000, 0x0000000088d00000, 0x0000000088d00000|100%| E|CS|TAMS 0x0000000088c00000, 0x0000000088c00000| Complete 
| 113|0x0000000088d00000, 0x0000000088e00000, 0x0000000088e00000|100%| E|CS|TAMS 0x0000000088d00000, 0x0000000088d00000| Complete 
| 114|0x0000000088e00000, 0x0000000088f00000, 0x0000000088f00000|100%| E|CS|TAMS 0x0000000088e00000, 0x0000000088e00000| Complete 
| 115|0x0000000088f00000, 0x0000000089000000, 0x0000000089000000|100%| E|CS|TAMS 0x0000000088f00000, 0x0000000088f00000| Complete 
| 116|0x0000000089000000, 0x0000000089100000, 0x0000000089100000|100%| E|CS|TAMS 0x0000000089000000, 0x0000000089000000| Complete 
| 117|0x0000000089100000, 0x0000000089200000, 0x0000000089200000|100%| E|CS|TAMS 0x0000000089100000, 0x0000000089100000| Complete 
| 118|0x0000000089200000, 0x0000000089300000, 0x0000000089300000|100%| E|CS|TAMS 0x0000000089200000, 0x0000000089200000| Complete 
| 119|0x0000000089300000, 0x0000000089400000, 0x0000000089400000|100%| E|CS|TAMS 0x0000000089300000, 0x0000000089300000| Complete 
| 120|0x0000000089400000, 0x0000000089500000, 0x0000000089500000|100%| E|CS|TAMS 0x0000000089400000, 0x0000000089400000| Complete 
| 121|0x0000000089500000, 0x0000000089600000, 0x0000000089600000|100%| E|CS|TAMS 0x0000000089500000, 0x0000000089500000| Complete 
| 122|0x0000000089600000, 0x0000000089700000, 0x0000000089700000|100%| E|CS|TAMS 0x0000000089600000, 0x0000000089600000| Complete 
| 123|0x0000000089700000, 0x0000000089800000, 0x0000000089800000|100%| E|CS|TAMS 0x0000000089700000, 0x0000000089700000| Complete 
| 124|0x0000000089800000, 0x0000000089900000, 0x0000000089900000|100%| E|CS|TAMS 0x0000000089800000, 0x0000000089800000| Complete 
| 125|0x0000000089900000, 0x0000000089a00000, 0x0000000089a00000|100%| E|CS|TAMS 0x0000000089900000, 0x0000000089900000| Complete 
| 126|0x0000000089a00000, 0x0000000089b00000, 0x0000000089b00000|100%| E|CS|TAMS 0x0000000089a00000, 0x0000000089a00000| Complete 
| 127|0x0000000089b00000, 0x0000000089c00000, 0x0000000089c00000|100%| E|CS|TAMS 0x0000000089b00000, 0x0000000089b00000| Complete 

Card table byte_map: [0x000002505e490000,0x000002505e890000] _byte_map_base: 0x000002505e082000

Marking Bits (Prev, Next): (CMBitMap*) 0x0000025047950200, (CMBitMap*) 0x0000025047950240
 Prev Bits: [0x000002505ec90000, 0x0000025060c20000)
 Next Bits: [0x0000025060c20000, 0x0000025062bb0000)

Polling page: 0x00000250457d0000

Metaspace:

Usage:
  Non-class:     11.28 MB used.
      Class:      1.66 MB used.
       Both:     12.94 MB used.

Virtual space:
  Non-class space:       16.00 MB reserved,      11.44 MB ( 71%) committed,  2 nodes.
      Class space:        1.00 GB reserved,       1.75 MB ( <1%) committed,  1 nodes.
              Both:        1.02 GB reserved,      13.19 MB (  1%) committed. 

Chunk freelists:
   Non-Class:  254.00 KB
       Class:  2.22 MB
        Both:  2.47 MB

MaxMetaspaceSize: 17179869184.00 GB
CompressedClassSpaceSize: 1.00 GB
 - commit_granule_bytes: 65536.
 - commit_granule_words: 8192.
 - virtual_space_node_default_size: 1048576.
 - enlarge_chunks_in_place: 1.
 - new_chunks_are_fully_committed: 0.
 - uncommit_free_chunks: 1.
 - use_allocation_guard: 0.
 - handle_deallocations: 1.


Internal statistics:

num_allocs_failed_limit: 0.
num_arena_births: 164.
num_arena_deaths: 0.
num_vsnodes_births: 3.
num_vsnodes_deaths: 0.
num_space_committed: 211.
num_space_uncommitted: 0.
num_chunks_returned_to_freelist: 0.
num_chunks_taken_from_freelist: 487.
num_chunk_merges: 0.
num_chunk_splits: 302.
num_chunks_enlarged: 211.
num_purges: 0.

CodeHeap 'non-profiled nmethods': size=120000Kb used=665Kb max_used=665Kb free=119335Kb
 bounds [0x0000025056b60000, 0x0000025056dd0000, 0x000002505e090000]
CodeHeap 'profiled nmethods': size=120000Kb used=3666Kb max_used=3666Kb free=116333Kb
 bounds [0x000002504f630000, 0x000002504f9d0000, 0x0000025056b60000]
CodeHeap 'non-nmethods': size=5760Kb used=1220Kb max_used=1283Kb free=4539Kb
 bounds [0x000002504f090000, 0x000002504f300000, 0x000002504f630000]
 total_blobs=2396 nmethods=1879 adapters=429
 compilation: enabled
              stopped_count=0, restarted_count=0
 full_count=0

Compilation events (20 events):
Event: 28.002 Thread 0x00000250650a2b50 nmethod 1863 0x000002504f9bdb10 code [0x000002504f9bdcc0, 0x000002504f9bde18]
Event: 28.003 Thread 0x00000250650a2b50 1864       3       java.util.ArrayDeque::addFirst (51 bytes)
Event: 28.004 Thread 0x00000250650a2b50 nmethod 1864 0x000002504f9bdf10 code [0x000002504f9be0e0, 0x000002504f9be5b8]
Event: 28.004 Thread 0x00000250650a2b50 1865       3       java.util.stream.ReferencePipeline::map (26 bytes)
Event: 28.005 Thread 0x00000250650a2b50 nmethod 1865 0x000002504f9be710 code [0x000002504f9be900, 0x000002504f9bee38]
Event: 28.005 Thread 0x00000250650a2b50 1866       3       java.util.stream.ReferencePipeline$3::<init> (20 bytes)
Event: 28.006 Thread 0x00000250650a2b50 nmethod 1866 0x000002504f9bf090 code [0x000002504f9bf260, 0x000002504f9bf548]
Event: 28.046 Thread 0x00000250650a2b50 1867       3       java.util.regex.Pattern$$Lambda$21/0x80000002b::is (13 bytes)
Event: 28.046 Thread 0x00000250650a2b50 nmethod 1867 0x000002504f9bf690 code [0x000002504f9bf840, 0x000002504f9bfa98]
Event: 28.047 Thread 0x00000250650a2b50 1868       3       java.util.regex.Pattern::lambda$Range$10 (7 bytes)
Event: 28.047 Thread 0x00000250650a2b50 nmethod 1868 0x000002504f9bfb90 code [0x000002504f9bfd40, 0x000002504f9bff18]
Event: 28.047 Thread 0x00000250650a2b50 1869       3       java.util.regex.Pattern::inRange (16 bytes)
Event: 28.047 Thread 0x00000250650a2b50 nmethod 1869 0x000002504f9c0010 code [0x000002504f9c01a0, 0x000002504f9c0318]
Event: 28.052 Thread 0x00000250650a2b50 1870       3       java.util.StringJoiner::add (110 bytes)
Event: 28.054 Thread 0x00000250650a2b50 nmethod 1870 0x000002504f9c0390 code [0x000002504f9c05e0, 0x000002504f9c10b8]
Event: 28.056 Thread 0x00000250650a2b50 1871       3       java.util.ArrayList$ArrayListSpliterator::getFence (35 bytes)
Event: 28.057 Thread 0x00000250650a2b50 nmethod 1871 0x000002504f9c1490 code [0x000002504f9c1620, 0x000002504f9c1778]
Event: 28.061 Thread 0x0000025065036ea0 1872       4       java.lang.String::replace (42 bytes)
Event: 28.064 Thread 0x00000250650a2b50 1873       3       java.util.stream.StreamSpliterators$AbstractWrappingSpliterator::init (29 bytes)
Event: 28.065 Thread 0x00000250650a2b50 nmethod 1873 0x000002504f9c1810 code [0x000002504f9c19c0, 0x000002504f9c1d88]

GC Heap History (4 events):
Event: 8.817 GC heap before
{Heap before GC invocations=0 (full 0):
 garbage-first heap   total 131072K, used 13312K [0x0000000081c00000, 0x0000000100000000)
  region size 1024K, 13 young (13312K), 0 survivors (0K)
 Metaspace       used 4018K, committed 4224K, reserved 1056768K
  class space    used 460K, committed 576K, reserved 1048576K
}
Event: 8.862 GC heap after
{Heap after GC invocations=1 (full 0):
 garbage-first heap   total 131072K, used 2979K [0x0000000081c00000, 0x0000000100000000)
  region size 1024K, 2 young (2048K), 2 survivors (2048K)
 Metaspace       used 4018K, committed 4224K, reserved 1056768K
  class space    used 460K, committed 576K, reserved 1048576K
}
Event: 16.062 GC heap before
{Heap before GC invocations=1 (full 0):
 garbage-first heap   total 131072K, used 18339K [0x0000000081c00000, 0x0000000100000000)
  region size 1024K, 17 young (17408K), 2 survivors (2048K)
 Metaspace       used 9112K, committed 9344K, reserved 1056768K
  class space    used 1099K, committed 1216K, reserved 1048576K
}
Event: 16.080 GC heap after
{Heap after GC invocations=2 (full 0):
 garbage-first heap   total 131072K, used 5270K [0x0000000081c00000, 0x0000000100000000)
  region size 1024K, 3 young (3072K), 3 survivors (3072K)
 Metaspace       used 9112K, committed 9344K, reserved 1056768K
  class space    used 1099K, committed 1216K, reserved 1048576K
}

Deoptimization events (20 events):
Event: 16.408 Thread 0x000002504790e250 Uncommon trap: trap_request=0xffffffc6 fr.pc=0x0000025056bd3b60 relative=0x00000000000011c0
Event: 16.408 Thread 0x000002504790e250 Uncommon trap: reason=bimorphic_or_optimized_type_check action=maybe_recompile pc=0x0000025056bd3b60 method=java.util.HashMap.putVal(ILjava/lang/Object;Ljava/lang/Object;ZZ)Ljava/lang/Object; @ 56 c2
Event: 16.408 Thread 0x000002504790e250 DEOPT PACKING pc=0x0000025056bd3b60 sp=0x0000007b75ffb0c0
Event: 16.408 Thread 0x000002504790e250 DEOPT UNPACKING pc=0x000002504f0dd72e sp=0x0000007b75ffb048 mode 2
Event: 16.408 Thread 0x000002504790e250 Uncommon trap: trap_request=0xffffffc6 fr.pc=0x0000025056bd3b60 relative=0x00000000000011c0
Event: 16.408 Thread 0x000002504790e250 Uncommon trap: reason=bimorphic_or_optimized_type_check action=maybe_recompile pc=0x0000025056bd3b60 method=java.util.HashMap.putVal(ILjava/lang/Object;Ljava/lang/Object;ZZ)Ljava/lang/Object; @ 56 c2
Event: 16.409 Thread 0x000002504790e250 DEOPT PACKING pc=0x0000025056bd3b60 sp=0x0000007b75ffb0c0
Event: 16.409 Thread 0x000002504790e250 DEOPT UNPACKING pc=0x000002504f0dd72e sp=0x0000007b75ffb048 mode 2
Event: 16.738 Thread 0x00000250663e1010 Uncommon trap: trap_request=0xffffff45 fr.pc=0x0000025056bc0c48 relative=0x00000000000000a8
Event: 16.738 Thread 0x00000250663e1010 Uncommon trap: reason=unstable_if action=reinterpret pc=0x0000025056bc0c48 method=java.lang.CharacterDataLatin1.digit(II)I @ 12 c2
Event: 16.738 Thread 0x00000250663e1010 DEOPT PACKING pc=0x0000025056bc0c48 sp=0x0000007b777fe5a0
Event: 16.738 Thread 0x00000250663e1010 DEOPT UNPACKING pc=0x000002504f0dd72e sp=0x0000007b777fe518 mode 2
Event: 18.048 Thread 0x000002504790e250 Uncommon trap: trap_request=0xffffff45 fr.pc=0x0000025056ba4b30 relative=0x0000000000000090
Event: 18.048 Thread 0x000002504790e250 Uncommon trap: reason=unstable_if action=reinterpret pc=0x0000025056ba4b30 method=sun.reflect.generics.parser.SignatureParser.current()C @ 39 c2
Event: 18.048 Thread 0x000002504790e250 DEOPT PACKING pc=0x0000025056ba4b30 sp=0x0000007b75ffa420
Event: 18.048 Thread 0x000002504790e250 DEOPT UNPACKING pc=0x000002504f0dd72e sp=0x0000007b75ffa3b8 mode 2
Event: 18.337 Thread 0x000002504790e250 DEOPT PACKING pc=0x000002504f8fcc7e sp=0x0000007b75ff9fb0
Event: 18.337 Thread 0x000002504790e250 DEOPT UNPACKING pc=0x000002504f0ddece sp=0x0000007b75ff9420 mode 0
Event: 18.401 Thread 0x000002504790e250 DEOPT PACKING pc=0x000002504f911642 sp=0x0000007b75ffb5f0
Event: 18.401 Thread 0x000002504790e250 DEOPT UNPACKING pc=0x000002504f0ddece sp=0x0000007b75ffab00 mode 0

Classes unloaded (0 events):
No events

Classes redefined (0 events):
No events

Internal exceptions (20 events):
Event: 16.792 Thread 0x00000250660633c0 Exception <a 'java/lang/NoSuchMethodError'{0x000000008992a5c8}: 'java.lang.Object java.lang.invoke.Invokers$Holder.linkToTargetMethod(java.lang.Object, long, java.lang.Object)'> (0x000000008992a5c8) 
thrown [t:\workspace\open\src\hotspot\share\interpreter\linkResolver.cpp, line 790]
Event: 16.807 Thread 0x00000250663e1010 Exception <a 'java/net/ConnectException'{0x000000008997ba40}: Connection refused: no further information> (0x000000008997ba40) 
thrown [t:\workspace\open\src\hotspot\share\prims\jni.cpp, line 600]
Event: 16.807 Thread 0x00000250663e1010 Exception <a 'java/net/SocketException'{0x000000008997bd78}: Socket is not connected: shutdown> (0x000000008997bd78) 
thrown [t:\workspace\open\src\hotspot\share\prims\jni.cpp, line 600]
Event: 16.878 Thread 0x00000250663e1010 Exception <a 'java/net/ConnectException'{0x000000008997cd10}: Connection refused: no further information> (0x000000008997cd10) 
thrown [t:\workspace\open\src\hotspot\share\prims\jni.cpp, line 600]
Event: 16.879 Thread 0x00000250663e1010 Exception <a 'java/net/SocketException'{0x000000008997d048}: Socket is not connected: shutdown> (0x000000008997d048) 
thrown [t:\workspace\open\src\hotspot\share\prims\jni.cpp, line 600]
Event: 16.967 Thread 0x00000250663e1010 Exception <a 'java/net/ConnectException'{0x000000008997dfe0}: Connection refused: no further information> (0x000000008997dfe0) 
thrown [t:\workspace\open\src\hotspot\share\prims\jni.cpp, line 600]
Event: 16.967 Thread 0x00000250663e1010 Exception <a 'java/net/SocketException'{0x000000008997e318}: Socket is not connected: shutdown> (0x000000008997e318) 
thrown [t:\workspace\open\src\hotspot\share\prims\jni.cpp, line 600]
Event: 17.143 Thread 0x00000250663e1010 Exception <a 'java/net/ConnectException'{0x000000008997f2b0}: Connection refused: no further information> (0x000000008997f2b0) 
thrown [t:\workspace\open\src\hotspot\share\prims\jni.cpp, line 600]
Event: 17.143 Thread 0x00000250663e1010 Exception <a 'java/net/SocketException'{0x000000008997f5e8}: Socket is not connected: shutdown> (0x000000008997f5e8) 
thrown [t:\workspace\open\src\hotspot\share\prims\jni.cpp, line 600]
Event: 17.853 Thread 0x000002504790e250 Exception <a 'java/lang/IncompatibleClassChangeError'{0x0000000089854338}: Found class java.lang.Object, but interface was expected> (0x0000000089854338) 
thrown [t:\workspace\open\src\hotspot\share\interpreter\linkResolver.cpp, line 857]
Event: 17.889 Thread 0x000002504790e250 Exception <a 'java/lang/NoSuchMethodError'{0x000000008985ea40}: 'java.lang.Object java.lang.invoke.DirectMethodHandle$Holder.invokeInterface(java.lang.Object, java.lang.Object, java.lang.Object, java.lang.Object)'> (0x000000008985ea40) 
thrown [t:\workspace\open\src\hotspot\share\interpreter\linkResolver.cpp, line 790]
Event: 18.075 Thread 0x000002504790e250 Exception <a 'java/lang/NoSuchMethodError'{0x000000008975aef8}: 'double java.lang.invoke.DirectMethodHandle$Holder.invokeVirtual(java.lang.Object, java.lang.Object)'> (0x000000008975aef8) 
thrown [t:\workspace\open\src\hotspot\share\interpreter\linkResolver.cpp, line 790]
Event: 18.078 Thread 0x000002504790e250 Exception <a 'java/lang/NoSuchMethodError'{0x0000000089762500}: 'float java.lang.invoke.DirectMethodHandle$Holder.invokeVirtual(java.lang.Object, java.lang.Object)'> (0x0000000089762500) 
thrown [t:\workspace\open\src\hotspot\share\interpreter\linkResolver.cpp, line 790]
Event: 18.083 Thread 0x000002504790e250 Exception <a 'java/lang/NoSuchMethodError'{0x000000008976be88}: 'long java.lang.invoke.DirectMethodHandle$Holder.invokeVirtual(java.lang.Object, java.lang.Object)'> (0x000000008976be88) 
thrown [t:\workspace\open\src\hotspot\share\interpreter\linkResolver.cpp, line 790]
Event: 18.706 Thread 0x000002504790e250 Exception <a 'java/lang/NoSuchMethodError'{0x00000000894d82a0}: 'void java.lang.invoke.DirectMethodHandle$Holder.invokeStatic(java.lang.Object, java.lang.Object, java.lang.Object, java.lang.Object, java.lang.Object, java.lang.Object)'> (0x00000000894d82a0) 
thrown [t:\workspace\open\src\hotspot\share\interpreter\linkResolver.cpp, line 790]
Event: 25.077 Thread 0x000002504790e250 Exception <a 'java/lang/NoSuchMethodError'{0x0000000088d30988}: 'java.lang.Object java.lang.invoke.DirectMethodHandle$Holder.invokeSpecialIFC(java.lang.Object, java.lang.Object, java.lang.Object)'> (0x0000000088d30988) 
thrown [t:\workspace\open\src\hotspot\share\interpreter\linkResolver.cpp, line 790]
Event: 25.214 Thread 0x000002504790e250 Exception <a 'java/lang/NoSuchMethodError'{0x0000000088db6638}: 'java.lang.Object java.lang.invoke.DirectMethodHandle$Holder.invokeStatic(java.lang.Object, int, java.lang.Object)'> (0x0000000088db6638) 
thrown [t:\workspace\open\src\hotspot\share\interpreter\linkResolver.cpp, line 790]
Event: 25.360 Thread 0x000002504790e250 Exception <a 'java/lang/ClassNotFoundException'{0x0000000088dfd2c8}: sun/util/logging/resources/spi/loggingProvider> (0x0000000088dfd2c8) 
thrown [t:\workspace\open\src\hotspot\share\classfile\systemDictionary.cpp, line 256]
Event: 28.045 Thread 0x000002504790e250 Exception <a 'java/lang/ClassNotFoundException'{0x0000000088b51ac0}: sun/misc/SharedSecrets> (0x0000000088b51ac0) 
thrown [t:\workspace\open\src\hotspot\share\classfile\systemDictionary.cpp, line 256]
Event: 28.053 Thread 0x000002504790e250 Exception <a 'java/lang/reflect/InvocationTargetException'{0x0000000088b60d68}> (0x0000000088b60d68) 
thrown [t:\workspace\open\src\hotspot\share\runtime\reflection.cpp, line 1157]

Events (20 events):
Event: 25.423 loading class sun/util/logging/resources/logging_en_GB
Event: 25.423 loading class sun/util/logging/resources/logging_en_GB done
Event: 25.423 loading class sun/util/logging/resources/logging_en_GB
Event: 25.423 loading class sun/util/logging/resources/logging_en_GB done
Event: 25.425 loading class java/util/Formatter$DateTime
Event: 25.456 loading class java/util/Formatter$DateTime done
Event: 25.469 loading class java/time/ZonedDateTime$1
Event: 25.469 loading class java/time/ZonedDateTime$1 done
Event: 25.657 loading class java/util/UUID$Holder
Event: 25.701 loading class java/util/UUID$Holder done
Event: 25.801 Executing  VM operation: Cleanup
Event: 25.801 Executing  VM operation: Cleanup done
Event: 27.801 Executing  VM operation: Cleanup
Event: 27.801 Executing  VM operation: Cleanup done
Event: 28.006 loading class java/util/stream/SortedOps$RefSortingSink
Event: 28.007 loading class java/util/stream/SortedOps$RefSortingSink done
Event: 28.040 loading class java/net/InetAddress$CachedLocalHost
Event: 28.041 loading class java/net/InetAddress$CachedLocalHost done
Event: 28.045 loading class sun/misc/SharedSecrets
Event: 28.045 loading class sun/misc/SharedSecrets done


Dynamic libraries:
0x00007ff7ef4a0000 - 0x00007ff7ef4b0000 	C:\Program Files\Java\jdk-16.0.1\bin\javaw.exe
0x00007ff8e5210000 - 0x00007ff8e5405000 	C:\WINDOWS\SYSTEM32\ntdll.dll
0x00007ff8e4e80000 - 0x00007ff8e4f3d000 	C:\WINDOWS\System32\KERNEL32.DLL
0x00007ff8e2b30000 - 0x00007ff8e2df8000 	C:\WINDOWS\System32\KERNELBASE.dll
0x00007ff8e3090000 - 0x00007ff8e3190000 	C:\WINDOWS\System32\ucrtbase.dll
0x00007ff8d0060000 - 0x00007ff8d0078000 	C:\Program Files\Java\jdk-16.0.1\bin\jli.dll
0x00007ff8e3cd0000 - 0x00007ff8e3d7c000 	C:\WINDOWS\System32\ADVAPI32.dll
0x00007ff8e4af0000 - 0x00007ff8e4b8e000 	C:\WINDOWS\System32\msvcrt.dll
0x00007ff8e4a50000 - 0x00007ff8e4aeb000 	C:\WINDOWS\System32\sechost.dll
0x00007ff8e4160000 - 0x00007ff8e428b000 	C:\WINDOWS\System32\RPCRT4.dll
0x00007ff8e4fd0000 - 0x00007ff8e5170000 	C:\WINDOWS\System32\USER32.dll
0x00007ff8e2e00000 - 0x00007ff8e2e22000 	C:\WINDOWS\System32\win32u.dll
0x00007ff8e4130000 - 0x00007ff8e415a000 	C:\WINDOWS\System32\GDI32.dll
0x00007ff8e2950000 - 0x00007ff8e2a5b000 	C:\WINDOWS\System32\gdi32full.dll
0x00007ff8e2ff0000 - 0x00007ff8e308d000 	C:\WINDOWS\System32\msvcp_win.dll
0x00007ff8d0ba0000 - 0x00007ff8d0bb9000 	C:\Program Files\Java\jdk-16.0.1\bin\VCRUNTIME140.dll
0x00007ff8ce010000 - 0x00007ff8ce2aa000 	C:\WINDOWS\WinSxS\amd64_microsoft.windows.common-controls_6595b64144ccf1df_6.0.19041.844_none_ca00b6081b84eb1d\COMCTL32.dll
0x00007ff8d3ee0000 - 0x00007ff8d3eea000 	C:\WINDOWS\SYSTEM32\VERSION.dll
0x00007ff8e3d80000 - 0x00007ff8e3db0000 	C:\WINDOWS\System32\IMM32.DLL
0x00007ff8da140000 - 0x00007ff8da14c000 	C:\Program Files\Java\jdk-16.0.1\bin\vcruntime140_1.dll
0x00007ff8ab400000 - 0x00007ff8ab491000 	C:\Program Files\Java\jdk-16.0.1\bin\msvcp140.dll
0x00007ff88c0e0000 - 0x00007ff88cc8b000 	C:\Program Files\Java\jdk-16.0.1\bin\server\jvm.dll
0x00007ff8e4070000 - 0x00007ff8e4078000 	C:\WINDOWS\System32\PSAPI.DLL
0x00007ff8d97b0000 - 0x00007ff8d97b9000 	C:\WINDOWS\SYSTEM32\WSOCK32.dll
0x00007ff8e4b90000 - 0x00007ff8e4bfb000 	C:\WINDOWS\System32\WS2_32.dll
0x00007ff8c5bd0000 - 0x00007ff8c5bf7000 	C:\WINDOWS\SYSTEM32\WINMM.dll
0x00007ff8e11e0000 - 0x00007ff8e11f2000 	C:\WINDOWS\SYSTEM32\kernel.appcore.dll
0x00007ff8d43c0000 - 0x00007ff8d43ca000 	C:\Program Files\Java\jdk-16.0.1\bin\jimage.dll
0x00007ff8dd710000 - 0x00007ff8dd8f4000 	C:\WINDOWS\SYSTEM32\DBGHELP.DLL
0x00007ff8c7580000 - 0x00007ff8c75ac000 	C:\WINDOWS\SYSTEM32\dbgcore.DLL
0x00007ff8e2a60000 - 0x00007ff8e2ae0000 	C:\WINDOWS\System32\bcryptPrimitives.dll
0x00007ff8cc700000 - 0x00007ff8cc725000 	C:\Program Files\Java\jdk-16.0.1\bin\java.dll
0x00007ff8e4290000 - 0x00007ff8e49d2000 	C:\WINDOWS\System32\SHELL32.dll
0x00007ff8dd900000 - 0x00007ff8de090000 	C:\WINDOWS\SYSTEM32\windows.storage.dll
0x00007ff8e3970000 - 0x00007ff8e3cc5000 	C:\WINDOWS\System32\combase.dll
0x00007ff8e2280000 - 0x00007ff8e22ac000 	C:\WINDOWS\SYSTEM32\Wldp.dll
0x00007ff8e3f60000 - 0x00007ff8e400e000 	C:\WINDOWS\System32\SHCORE.dll
0x00007ff8e4010000 - 0x00007ff8e4065000 	C:\WINDOWS\System32\shlwapi.dll
0x00007ff8e2890000 - 0x00007ff8e28af000 	C:\WINDOWS\SYSTEM32\profapi.dll
0x00007ff8cfbe0000 - 0x00007ff8cfbf9000 	C:\Program Files\Java\jdk-16.0.1\bin\net.dll
0x00007ff8cde60000 - 0x00007ff8cdf6b000 	C:\WINDOWS\SYSTEM32\WINHTTP.dll
0x00007ff8e2060000 - 0x00007ff8e20ca000 	C:\WINDOWS\system32\mswsock.dll
0x00007ff8cc600000 - 0x00007ff8cc613000 	C:\Program Files\Java\jdk-16.0.1\bin\nio.dll
0x00007ff8c2bc0000 - 0x00007ff8c2bd8000 	C:\Program Files\Java\jdk-16.0.1\bin\zip.dll
0x00007ff8e1d70000 - 0x00007ff8e1dab000 	C:\WINDOWS\SYSTEM32\IPHLPAPI.DLL
0x00007ff8e3270000 - 0x00007ff8e3278000 	C:\WINDOWS\System32\NSI.dll
0x00007ff8d0be0000 - 0x00007ff8d0bf7000 	C:\WINDOWS\SYSTEM32\dhcpcsvc6.DLL
0x00007ff8cfaf0000 - 0x00007ff8cfb0d000 	C:\WINDOWS\SYSTEM32\dhcpcsvc.DLL
0x00007ff8e1db0000 - 0x00007ff8e1e7c000 	C:\WINDOWS\SYSTEM32\DNSAPI.dll
0x00007ff8d3ca0000 - 0x00007ff8d3cb0000 	C:\Program Files\Java\jdk-16.0.1\bin\verify.dll
0x00007ff8cd970000 - 0x00007ff8cd97a000 	C:\Windows\System32\rasadhlp.dll
0x00007ff8cda20000 - 0x00007ff8cda9f000 	C:\WINDOWS\System32\fwpuclnt.dll
0x00007ff8e3190000 - 0x00007ff8e31b7000 	C:\WINDOWS\System32\bcrypt.dll
0x00007ff8dafa0000 - 0x00007ff8dafae000 	C:\Program Files\Java\jdk-16.0.1\bin\sunmscapi.dll
0x00007ff8e2e90000 - 0x00007ff8e2fef000 	C:\WINDOWS\System32\CRYPT32.dll
0x00007ff8e23c0000 - 0x00007ff8e23e7000 	C:\WINDOWS\SYSTEM32\ncrypt.dll
0x00007ff8e2380000 - 0x00007ff8e23bb000 	C:\WINDOWS\SYSTEM32\NTASN1.dll
0x00007ff8e22c0000 - 0x00007ff8e22d8000 	C:\WINDOWS\SYSTEM32\CRYPTSP.dll
0x00007ff8e19c0000 - 0x00007ff8e19f4000 	C:\WINDOWS\system32\rsaenh.dll
0x00007ff8e2810000 - 0x00007ff8e283e000 	C:\WINDOWS\SYSTEM32\USERENV.dll
0x00007ff8e21e0000 - 0x00007ff8e21ec000 	C:\WINDOWS\SYSTEM32\CRYPTBASE.dll
0x00007ff8d08e0000 - 0x00007ff8d08f7000 	C:\WINDOWS\system32\napinsp.dll
0x00007ff8ceb20000 - 0x00007ff8ceb3b000 	C:\WINDOWS\system32\pnrpnsp.dll
0x00007ff8d6900000 - 0x00007ff8d6915000 	C:\WINDOWS\system32\wshbth.dll
0x00007ff8dae30000 - 0x00007ff8dae4d000 	C:\WINDOWS\system32\NLAapi.dll
0x00007ff8ceb00000 - 0x00007ff8ceb12000 	C:\WINDOWS\System32\winrnr.dll

dbghelp: loaded successfully - version: 4.0.5 - missing functions: none
symbol engine: initialized successfully - sym options: 0x614 - pdb path: .;C:\Program Files\Java\jdk-16.0.1\bin;C:\WINDOWS\SYSTEM32;C:\WINDOWS\WinSxS\amd64_microsoft.windows.common-controls_6595b64144ccf1df_6.0.19041.844_none_ca00b6081b84eb1d;C:\Program Files\Java\jdk-16.0.1\bin\server

VM Arguments:
jvm_args: -ea -Dfile.encoding=Cp1252 -XX:+ShowCodeDetailsInExceptionMessages 
java_command: org.eclipse.jdt.internal.junit.runner.RemoteTestRunner -version 3 -port 65360 -testLoaderClass org.eclipse.jdt.internal.junit5.runner.JUnit5TestLoader -loaderpluginname org.eclipse.jdt.junit5.runtime -packageNameFile C:\Users\SHAM~1.REH\AppData\Local\Temp\packageNames4439536192408137217.txt
java_class_path (initial): C:\Users\Sham.Rehman\Eclipse Workspace\SeleniumPractice\target\test-classes;C:\Users\Sham.Rehman\Eclipse Workspace\SeleniumPractice\target\classes;C:\Users\Sham.Rehman\.m2\repository\org\junit\jupiter\junit-jupiter-api\5.8.0\junit-jupiter-api-5.8.0.jar;C:\Users\Sham.Rehman\.m2\repository\org\opentest4j\opentest4j\1.2.0\opentest4j-1.2.0.jar;C:\Users\Sham.Rehman\.m2\repository\org\junit\platform\junit-platform-commons\1.8.0\junit-platform-commons-1.8.0.jar;C:\Users\Sham.Rehman\.m2\repository\org\apiguardian\apiguardian-api\1.1.2\apiguardian-api-1.1.2.jar;C:\Users\Sham.Rehman\.m2\repository\org\seleniumhq\selenium\selenium-java\3.141.59\selenium-java-3.141.59.jar;C:\Users\Sham.Rehman\.m2\repository\org\seleniumhq\selenium\selenium-api\3.141.59\selenium-api-3.141.59.jar;C:\Users\Sham.Rehman\.m2\repository\org\seleniumhq\selenium\selenium-chrome-driver\3.141.59\selenium-chrome-driver-3.141.59.jar;C:\Users\Sham.Rehman\.m2\repository\org\seleniumhq\selenium\selenium-edge-driver\3.141.59\selenium-edge-driver-3.141.59.jar;C:\Users\Sham.Rehman\.m2\repository\org\seleniumhq\selenium\selenium-firefox-driver\3.141.59\selenium-firefox-driver-3.141.59.jar;C:\Users\Sham.Rehman\.m2\repository\org\seleniumhq\selenium\selenium-ie-driver\3.141.59\selenium-ie-driver-3.141.59.jar;C:\Users\Sham.Rehman\.m2\repository\org\seleniumhq\selenium\selenium-opera-driver\3.141.59\selenium-opera-driver-3.141.59.jar;C:\Users\Sham.Rehman\.m2\repository\org\seleniumhq\selenium\selenium-remote-driver\3.141.59\selenium-remote-driver-3.141.59.jar;C:\Users\Sham.Rehman\.m2\repository\org\seleniumhq\selenium\selenium-safari-driver\3.141.59\selenium-safari-driver-3.141.59.jar;C:\Users\Sham.Rehman\.m2\repository\org\seleniumhq\selenium\selenium-support\3.141.59\selenium-support-3.141.59.jar;C:\Users\Sham.Rehman\.m2\repository\net\bytebuddy\byte-buddy\1.8.15\byte-buddy-1.8.15.jar;C:\Users\Sham.Rehman\.m2\repository\org\apache\commons\commons-exec\1.3\commons-exec-1.3.jar;C:\Users\Sh
Launcher Type: SUN_STANDARD

[Global flags]
     intx CICompilerCount                          = 3                                         {product} {ergonomic}
     uint ConcGCThreads                            = 1                                         {product} {ergonomic}
     uint G1ConcRefinementThreads                  = 4                                         {product} {ergonomic}
   size_t G1HeapRegionSize                         = 1048576                                   {product} {ergonomic}
    uintx GCDrainStackTargetSize                   = 64                                        {product} {ergonomic}
   size_t InitialHeapSize                          = 134217728                                 {product} {ergonomic}
   size_t MarkStackSize                            = 4194304                                   {product} {ergonomic}
   size_t MaxHeapSize                              = 2118123520                                {product} {ergonomic}
   size_t MaxNewSize                               = 1270874112                                {product} {ergonomic}
   size_t MinHeapDeltaBytes                        = 1048576                                   {product} {ergonomic}
   size_t MinHeapSize                              = 8388608                                   {product} {ergonomic}
    uintx NonNMethodCodeHeapSize                   = 5832780                                {pd product} {ergonomic}
    uintx NonProfiledCodeHeapSize                  = 122912730                              {pd product} {ergonomic}
    uintx ProfiledCodeHeapSize                     = 122912730                              {pd product} {ergonomic}
    uintx ReservedCodeCacheSize                    = 251658240                              {pd product} {ergonomic}
     bool SegmentedCodeCache                       = true                                      {product} {ergonomic}
     bool ShowCodeDetailsInExceptionMessages       = true                                   {manageable} {command line}
   size_t SoftMaxHeapSize                          = 2118123520                             {manageable} {ergonomic}
     bool UseCompressedClassPointers               = true                           {product lp64_product} {ergonomic}
     bool UseCompressedOops                        = true                           {product lp64_product} {ergonomic}
     bool UseG1GC                                  = true                                      {product} {ergonomic}
     bool UseLargePagesIndividualAllocation        = false                                  {pd product} {ergonomic}

Logging:
Log output configuration:
 #0: stdout all=warning uptime,level,tags
 #1: stderr all=off uptime,level,tags

Environment Variables:
PATH=C:\Python39\Scripts\;C:\Python39\;C:\Program Files\Common Files\Oracle\Java\javapath;C:\WINDOWS\system32;C:\WINDOWS;C:\WINDOWS\System32\Wbem;C:\WINDOWS\System32\WindowsPowerShell\v1.0\;C:\WINDOWS\System32\OpenSSH\;C:\Program Files\Git\cmd;C:\Program Files\PowerShell\7\;C:\Program Files\Docker\Docker\resources\bin;C:\ProgramData\DockerDesktop\version-bin;C:\Program Files\Microsoft VS Code\bin;C:\Program Files\apache-maven-3.8.1\bin;C:\Program Files\nodejs\;C:\ProgramData\chocolatey\bin;C:\Users\Sham.Rehman\AppData\Local\Microsoft\WindowsApps;C:\Users\Sham.Rehman\AppData\Roaming\npm
USERNAME=Sham.Rehman
OS=Windows_NT
PROCESSOR_IDENTIFIER=Intel64 Family 6 Model 78 Stepping 3, GenuineIntel



---------------  S Y S T E M  ---------------

OS:
 Windows 10 , 64 bit Build 19041 (10.0.19041.928)
OS uptime: 92 days 18:12 hours
Hyper-V role detected

CPU: total 4 (initial active 4) (2 cores per cpu, 2 threads per core) family 6 model 78 stepping 3 microcode 0xcc, cx8, cmov, fxsr, ht, mmx, 3dnowpref, sse, sse2, sse3, ssse3, sse4.1, sse4.2, popcnt, lzcnt, tsc, tscinvbit, avx, avx2, aes, erms, clmul, bmi1, bmi2, rtm, adx, fma, vzeroupper, clflush, clflushopt, hv

Memory: 4k page, system-wide physical 8072M (305M free)
TotalPageFile size 32648M (AvailPageFile size 0M)
current process WorkingSet (physical memory assigned to process): 82M, peak: 98M
current process commit charge ("private bytes"): 223M, peak: 241M

vm_info: Java HotSpot(TM) 64-Bit Server VM (16.0.1+9-24) for windows-amd64 JRE (16.0.1+9-24), built on Mar 26 2021 19:31:42 by "mach5one" with MS VC++ 16.7 (VS2019)

END.
